c:\users\hugot\desktop\tp-tcp-ip\serveur\serveur\serveur\x64\debug\vc141.pdb
c:\users\hugot\desktop\tp-tcp-ip\serveur\serveur\serveur\x64\debug\moc_server.obj
c:\users\hugot\desktop\tp-tcp-ip\serveur\serveur\serveur\x64\debug\main.obj
c:\users\hugot\desktop\tp-tcp-ip\serveur\serveur\serveur\x64\debug\server.obj
c:\users\hugot\desktop\tp-tcp-ip\serveur\serveur\x64\debug\serveur.exe
c:\users\hugot\desktop\tp-tcp-ip\serveur\serveur\x64\debug\serveur.ilk
c:\users\hugot\desktop\tp-tcp-ip\serveur\serveur\x64\debug\serveur.pdb
c:\users\hugot\desktop\tp-tcp-ip\serveur\serveur\serveur\x64\debug\moc\moc_server.cpp
c:\users\hugot\desktop\tp-tcp-ip\serveur\serveur\serveur\x64\debug\serveur.tlog\cl.command.1.tlog
c:\users\hugot\desktop\tp-tcp-ip\serveur\serveur\serveur\x64\debug\serveur.tlog\cl.read.1.tlog
c:\users\hugot\desktop\tp-tcp-ip\serveur\serveur\serveur\x64\debug\serveur.tlog\cl.write.1.tlog
c:\users\hugot\desktop\tp-tcp-ip\serveur\serveur\serveur\x64\debug\serveur.tlog\link.10412.delete.1.tlog
c:\users\hugot\desktop\tp-tcp-ip\serveur\serveur\serveur\x64\debug\serveur.tlog\link.13652.delete.1.tlog
c:\users\hugot\desktop\tp-tcp-ip\serveur\serveur\serveur\x64\debug\serveur.tlog\link.13808.delete.1.tlog
c:\users\hugot\desktop\tp-tcp-ip\serveur\serveur\serveur\x64\debug\serveur.tlog\link.15852.delete.1.tlog
c:\users\hugot\desktop\tp-tcp-ip\serveur\serveur\serveur\x64\debug\serveur.tlog\link.19972.delete.1.tlog
c:\users\hugot\desktop\tp-tcp-ip\serveur\serveur\serveur\x64\debug\serveur.tlog\link.command.1.tlog
c:\users\hugot\desktop\tp-tcp-ip\serveur\serveur\serveur\x64\debug\serveur.tlog\link.read.1.tlog
c:\users\hugot\desktop\tp-tcp-ip\serveur\serveur\serveur\x64\debug\serveur.tlog\link.write.1.tlog
c:\users\hugot\desktop\tp-tcp-ip\serveur\serveur\serveur\x64\debug\serveur.tlog\moc.read.1u.tlog
c:\users\hugot\desktop\tp-tcp-ip\serveur\serveur\serveur\x64\debug\serveur.tlog\moc.write.1u.tlog
c:\users\hugot\desktop\tp-tcp-ip\serveur\serveur\serveur\x64\debug\serveur.tlog\serveur.write.1u.tlog
